<?xml version="1.0" encoding="UTF-8"?>
<testsuite name="RestExerciseTest" tests="1" skipped="0" failures="0" errors="0" timestamp="2016-05-25T04:20:31" hostname="Supplicae-PC" time="0.064">
  <properties/>
  <testcase name="testJsonFromWebpage" classname="RestExerciseTest" time="0.064"/>
  <system-out><![CDATA[]]></system-out>
  <system-err><![CDATA[]]></system-err>
</testsuite>
